2023-11-13 09:49:41.775 - INFO - 17227 - azureml.train.automl._local_managed_utils.is_docker_installed:354 - Docker is installed with Docker version 20.10.25+azure-2, build b82b9f3a0e763304a250531cb9350aa6d93723c9
.
2023-11-13 09:49:41.783 - INFO - 17227 - azureml.train.automl.automlconfig._start_execution:231 - Submitting remote.
2023-11-13 10:11:59.562 - INFO - 17227 - azureml.train.automl._local_managed_utils.is_docker_installed:354 - Docker is installed with Docker version 20.10.25+azure-2, build b82b9f3a0e763304a250531cb9350aa6d93723c9
.
2023-11-13 10:11:59.578 - INFO - 17227 - azureml.train.automl.automlconfig._start_execution:231 - Submitting remote.
2023-11-13 10:14:06.727 - INFO - 17227 - azureml.train.automl._local_managed_utils.is_docker_installed:354 - Docker is installed with Docker version 20.10.25+azure-2, build b82b9f3a0e763304a250531cb9350aa6d93723c9
.
2023-11-13 10:14:06.739 - INFO - 17227 - azureml.train.automl.automlconfig._start_execution:231 - Submitting remote.
2023-11-13 10:52:51.860 - INFO - 17227 - azureml.train.automl.run._log_activity:55 - ActivityStarted: GetOutput
2023-11-13 10:52:51.948 - INFO - 17227 - azureml.train.automl.run._log_activity:55 - ActivityStarted: GetOutput
2023-11-13 10:52:51.984 - INFO - 17227 - azureml.train.automl.run._log_activity:55 - ActivityStarted: GetChildren
2023-11-13 10:52:52.164 - INFO - 17227 - azureml.train.automl.run._log_activity:89 - ActivityCompleted: Activity=GetChildren, HowEnded=Success, Duration=180.59[ms]
2023-11-13 10:52:52.251 - INFO - 17227 - azureml.train.automl.run._log_activity:89 - ActivityCompleted: Activity=GetOutput, HowEnded=Success, Duration=303.66[ms]
2023-11-13 10:52:52.259 - INFO - 17227 - azureml.train.automl._model_download_utilities._log_activity:55 - ActivityStarted: DownloadModel
2023-11-13 10:52:58.127 - INFO - 17227 - azureml.automl.runtime.featurization.data_transformer.__init__:190 - Feature sweeping enabled: False
2023-11-13 10:52:58.135 - INFO - 17227 - azureml.automl.runtime.featurization.data_transformer.__init__:191 - Feature sweeping timeout: 86400
2023-11-13 10:53:00.580 - INFO - 17227 - azureml.train.automl._model_download_utilities._log_activity:89 - ActivityCompleted: Activity=DownloadModel, HowEnded=Success, Duration=8321.4[ms]
2023-11-13 10:53:00.609 - INFO - 17227 - azureml.train.automl.run._log_activity:89 - ActivityCompleted: Activity=GetOutput, HowEnded=Success, Duration=8749.29[ms]
2023-11-13 10:53:31.422 - INFO - 17227 - azureml.train.automl.run._log_activity:55 - ActivityStarted: GetOutput
2023-11-13 10:53:31.448 - INFO - 17227 - azureml.train.automl.run._log_activity:55 - ActivityStarted: GetOutput
2023-11-13 10:53:31.477 - INFO - 17227 - azureml.train.automl.run._log_activity:55 - ActivityStarted: GetChildren
2023-11-13 10:53:31.665 - INFO - 17227 - azureml.train.automl.run._log_activity:89 - ActivityCompleted: Activity=GetChildren, HowEnded=Success, Duration=187.99[ms]
2023-11-13 10:53:31.754 - INFO - 17227 - azureml.train.automl.run._log_activity:89 - ActivityCompleted: Activity=GetOutput, HowEnded=Success, Duration=306.37[ms]
2023-11-13 10:53:31.775 - INFO - 17227 - azureml.train.automl._model_download_utilities._log_activity:55 - ActivityStarted: DownloadModel
2023-11-13 10:53:32.308 - INFO - 17227 - azureml.automl.runtime.featurization.data_transformer.__init__:190 - Feature sweeping enabled: False
2023-11-13 10:53:32.315 - INFO - 17227 - azureml.automl.runtime.featurization.data_transformer.__init__:191 - Feature sweeping timeout: 86400
2023-11-13 10:53:32.363 - INFO - 17227 - azureml.train.automl._model_download_utilities._log_activity:89 - ActivityCompleted: Activity=DownloadModel, HowEnded=Success, Duration=588.25[ms]
2023-11-13 10:53:32.369 - INFO - 17227 - azureml.train.automl.run._log_activity:89 - ActivityCompleted: Activity=GetOutput, HowEnded=Success, Duration=946.1[ms]
2023-11-13 10:56:54.805 - INFO - 17227 - azureml.train.automl.run._log_activity:55 - ActivityStarted: GetOutput
2023-11-13 10:56:54.830 - INFO - 17227 - azureml.train.automl.run._log_activity:55 - ActivityStarted: GetOutput
2023-11-13 10:56:54.850 - INFO - 17227 - azureml.train.automl.run._log_activity:55 - ActivityStarted: GetChildren
2023-11-13 10:56:55.054 - INFO - 17227 - azureml.train.automl.run._log_activity:89 - ActivityCompleted: Activity=GetChildren, HowEnded=Success, Duration=204.02[ms]
2023-11-13 10:56:55.169 - INFO - 17227 - azureml.train.automl.run._log_activity:89 - ActivityCompleted: Activity=GetOutput, HowEnded=Success, Duration=339.58[ms]
2023-11-13 10:56:55.170 - INFO - 17227 - azureml.train.automl._model_download_utilities._log_activity:55 - ActivityStarted: DownloadModel
2023-11-13 10:56:55.714 - INFO - 17227 - azureml.automl.runtime.featurization.data_transformer.__init__:190 - Feature sweeping enabled: False
2023-11-13 10:56:55.714 - INFO - 17227 - azureml.automl.runtime.featurization.data_transformer.__init__:191 - Feature sweeping timeout: 86400
2023-11-13 10:56:55.749 - INFO - 17227 - azureml.train.automl._model_download_utilities._log_activity:89 - ActivityCompleted: Activity=DownloadModel, HowEnded=Success, Duration=579.57[ms]
2023-11-13 10:56:55.750 - INFO - 17227 - azureml.train.automl.run._log_activity:89 - ActivityCompleted: Activity=GetOutput, HowEnded=Success, Duration=945.16[ms]
2023-11-13 11:02:14.789 - INFO - 17227 - azureml.train.automl.run._log_activity:55 - ActivityStarted: RegisterModel
2023-11-13 11:02:14.824 - INFO - 17227 - azureml.train.automl.run._log_activity:55 - ActivityStarted: GetChildren
2023-11-13 11:02:15.152 - INFO - 17227 - azureml.train.automl.run._log_activity:89 - ActivityCompleted: Activity=GetChildren, HowEnded=Success, Duration=327.63[ms]
2023-11-13 11:02:16.715 - INFO - 17227 - azureml.train.automl.run._log_activity:89 - ActivityCompleted: Activity=RegisterModel, HowEnded=Success, Duration=1926.31[ms]
